<?xml version="1.0" encoding="UTF-8"?>
<!-- Generated by org.testng.reporters.JUnitReportReporter -->
<testsuite hostname="DESKTOP-H8KQUR0" failures="0" tests="2" name="tests.LoginTest" time="5.440" errors="0" timestamp="2022-08-03T17:22:48 IST" skipped="0">
  <testcase classname="tests.LoginTest" name="verifybuttontext" time="0.077"/>
  <system-out/>
  <testcase classname="tests.LoginTest" name="login" time="5.363"/>
  <system-out/>
</testsuite> <!-- tests.LoginTest -->
