<?xml version="1.0" encoding="UTF-8"?>
<!-- Generated by org.testng.reporters.JUnitReportReporter -->
<testsuite hostname="DESKTOP-H8KQUR0" failures="0" tests="2" name="tests.LoginTest" time="6.481" errors="0" timestamp="2022-08-10T18:55:48 IST" skipped="0">
  <testcase classname="tests.LoginTest" name="verifybuttontext" time="0.076"/>
  <system-out/>
  <testcase classname="tests.LoginTest" name="login" time="6.405"/>
  <system-out/>
</testsuite> <!-- tests.LoginTest -->
